#-----------------------------------------------------------
# Vivado v2019.2 (64-bit)
# SW Build 2708876 on Wed Nov  6 21:40:23 MST 2019
# IP Build 2700528 on Thu Nov  7 00:09:20 MST 2019
# Start of session at: Sun Jan 16 12:04:00 2022
# Process ID: 13096
# Current directory: C:/Users/user/Desktop/NTHU/verilog/course project/final project/final_project
# Command line: vivado.exe -gui_launcher_event rodinguilauncherevent11960 C:\Users\user\Desktop\NTHU\verilog\course project\final project\final_project\final_project.xpr
# Log file: C:/Users/user/Desktop/NTHU/verilog/course project/final project/final_project/vivado.log
# Journal file: C:/Users/user/Desktop/NTHU/verilog/course project/final project/final_project\vivado.jou
#-----------------------------------------------------------
start_gui
open_project {C:/Users/user/Desktop/NTHU/verilog/course project/final project/final_project/final_project.xpr}
Scanning sources...
Finished scanning sources
INFO: [IP_Flow 19-234] Refreshing IP repositories
INFO: [IP_Flow 19-1700] Loaded user IP repository 'c:/Users/user/Desktop/NTHU/verilog/course project/lab6/KeyboardSampleCode/KeyboardSampleCode/ip'.
INFO: [IP_Flow 19-2313] Loaded Vivado IP repository 'C:/Xilinx/Vivado/2019.2/data/ip'.
open_project: Time (s): cpu = 00:00:30 ; elapsed = 00:00:13 . Memory (MB): peak = 787.352 ; gain = 180.938
update_compile_order -fileset sources_1
reset_run synth_1
WARNING: [Vivado 12-1017] Problems encountered:
1. Failed to delete one or more files in run directory C:/Users/user/Desktop/NTHU/verilog/course project/final project/final_project/final_project.runs/synth_1

launch_runs impl_1 -to_step write_bitstream -jobs 8
[Sun Jan 16 12:12:53 2022] Launched synth_1...
Run output will be captured here: C:/Users/user/Desktop/NTHU/verilog/course project/final project/final_project/final_project.runs/synth_1/runme.log
[Sun Jan 16 12:12:53 2022] Launched impl_1...
Run output will be captured here: C:/Users/user/Desktop/NTHU/verilog/course project/final project/final_project/final_project.runs/impl_1/runme.log
open_hw_manager
connect_hw_server -allow_non_jtag
INFO: [Labtools 27-2285] Connecting to hw_server url TCP:localhost:3121
INFO: [Labtools 27-2222] Launching hw_server...
INFO: [Labtools 27-2221] Launch Output:

****** Xilinx hw_server v2019.2
  **** Build date : Nov  6 2019 at 22:12:23
    ** Copyright 1986-2019 Xilinx, Inc. All Rights Reserved.


INFO: [Labtools 27-3415] Connecting to cs_server url TCP:localhost:3042
INFO: [Labtools 27-3417] Launching cs_server...
INFO: [Common 17-41] Interrupt caught. Command should exit soon.
INFO: [Labtools 27-2221] Launch Output:


****** Xilinx cs_server v2019.2.0
  **** Build date : Nov 07 2019-13:28:22
    ** Copyright 2017-2019 Xilinx, Inc. All Rights Reserved.



connect_hw_server: Time (s): cpu = 00:00:02 ; elapsed = 00:00:21 . Memory (MB): peak = 1095.754 ; gain = 0.000
INFO: [Common 17-344] 'connect_hw_server' was cancelled
disconnect_hw_server localhost:3121
connect_hw_server -allow_non_jtag
INFO: [Labtools 27-2285] Connecting to hw_server url TCP:localhost:3121
INFO: [Labtools 27-3415] Connecting to cs_server url TCP:localhost:3042
INFO: [Labtools 27-3414] Connected to existing cs_server.
open_hw_target
INFO: [Labtoolstcl 44-466] Opening hw_target localhost:3121/xilinx_tcf/Digilent/210183B035BFA
open_hw_target: Time (s): cpu = 00:00:07 ; elapsed = 00:00:07 . Memory (MB): peak = 2158.203 ; gain = 1062.449
set_property PROGRAM.FILE {C:/Users/user/Desktop/NTHU/verilog/course project/final project/final_project/final_project.runs/impl_1/demo_2.bit} [get_hw_devices xc7a35t_0]
current_hw_device [get_hw_devices xc7a35t_0]
refresh_hw_device -update_hw_probes false [lindex [get_hw_devices xc7a35t_0] 0]
INFO: [Labtools 27-1435] Device xc7a35t (JTAG device index = 0) is not programmed (DONE status = 0).
set_property PROBES.FILE {} [get_hw_devices xc7a35t_0]
set_property FULL_PROBES.FILE {} [get_hw_devices xc7a35t_0]
set_property PROGRAM.FILE {C:/Users/user/Desktop/NTHU/verilog/course project/final project/final_project/final_project.runs/impl_1/demo_2.bit} [get_hw_devices xc7a35t_0]
program_hw_devices [get_hw_devices xc7a35t_0]
INFO: [Labtools 27-3164] End of startup status: HIGH
refresh_hw_device [lindex [get_hw_devices xc7a35t_0] 0]
INFO: [Labtools 27-1434] Device xc7a35t (JTAG device index = 0) is programmed with a design that has no supported debug core(s) in it.
reset_run synth_1
WARNING: [Vivado 12-1017] Problems encountered:
1. Failed to delete one or more files in run directory C:/Users/user/Desktop/NTHU/verilog/course project/final project/final_project/final_project.runs/synth_1

launch_runs impl_1 -to_step write_bitstream -jobs 8
[Sun Jan 16 12:49:57 2022] Launched synth_1...
Run output will be captured here: C:/Users/user/Desktop/NTHU/verilog/course project/final project/final_project/final_project.runs/synth_1/runme.log
[Sun Jan 16 12:49:57 2022] Launched impl_1...
Run output will be captured here: C:/Users/user/Desktop/NTHU/verilog/course project/final project/final_project/final_project.runs/impl_1/runme.log
set_property PROBES.FILE {} [get_hw_devices xc7a35t_0]
set_property FULL_PROBES.FILE {} [get_hw_devices xc7a35t_0]
set_property PROGRAM.FILE {C:/Users/user/Desktop/NTHU/verilog/course project/final project/final_project/final_project.runs/impl_1/demo_2.bit} [get_hw_devices xc7a35t_0]
program_hw_devices [get_hw_devices xc7a35t_0]
INFO: [Labtools 27-3164] End of startup status: HIGH
refresh_hw_device [lindex [get_hw_devices xc7a35t_0] 0]
INFO: [Labtools 27-1434] Device xc7a35t (JTAG device index = 0) is programmed with a design that has no supported debug core(s) in it.
set_property PROBES.FILE {} [get_hw_devices xc7a35t_0]
set_property FULL_PROBES.FILE {} [get_hw_devices xc7a35t_0]
set_property PROGRAM.FILE {C:/Users/user/Desktop/NTHU/verilog/course project/final project/final_project/final_project.runs/impl_1/demo_2.bit} [get_hw_devices xc7a35t_0]
program_hw_devices [get_hw_devices xc7a35t_0]
INFO: [Labtools 27-3164] End of startup status: HIGH
refresh_hw_device [lindex [get_hw_devices xc7a35t_0] 0]
INFO: [Labtools 27-1434] Device xc7a35t (JTAG device index = 0) is programmed with a design that has no supported debug core(s) in it.
ERROR: [Labtoolstcl 44-513] HW Target shutdown. Closing target: localhost:3121/xilinx_tcf/Digilent/210183B035BFA
reset_run synth_1
WARNING: [Vivado 12-1017] Problems encountered:
1. Failed to delete one or more files in run directory C:/Users/user/Desktop/NTHU/verilog/course project/final project/final_project/final_project.runs/synth_1

launch_runs impl_1 -to_step write_bitstream -jobs 8
[Sun Jan 16 14:56:30 2022] Launched synth_1...
Run output will be captured here: C:/Users/user/Desktop/NTHU/verilog/course project/final project/final_project/final_project.runs/synth_1/runme.log
[Sun Jan 16 14:56:30 2022] Launched impl_1...
Run output will be captured here: C:/Users/user/Desktop/NTHU/verilog/course project/final project/final_project/final_project.runs/impl_1/runme.log
INFO: [Labtoolstcl 44-466] Opening hw_target localhost:3121/xilinx_tcf/Digilent/210183B035BFA
INFO: [Labtools 27-1435] Device xc7a35t (JTAG device index = 0) is not programmed (DONE status = 0).
WARNING: [Labtoolstcl 44-129] No matching hw_ila_data was found.
set_property PROBES.FILE {} [get_hw_devices xc7a35t_0]
set_property FULL_PROBES.FILE {} [get_hw_devices xc7a35t_0]
set_property PROGRAM.FILE {C:/Users/user/Desktop/NTHU/verilog/course project/final project/final_project/final_project.runs/impl_1/demo_2.bit} [get_hw_devices xc7a35t_0]
program_hw_devices [get_hw_devices xc7a35t_0]
INFO: [Labtools 27-3164] End of startup status: HIGH
refresh_hw_device [lindex [get_hw_devices xc7a35t_0] 0]
INFO: [Labtools 27-1434] Device xc7a35t (JTAG device index = 0) is programmed with a design that has no supported debug core(s) in it.
reset_run synth_1
WARNING: [Vivado 12-1017] Problems encountered:
1. Failed to delete one or more files in run directory C:/Users/user/Desktop/NTHU/verilog/course project/final project/final_project/final_project.runs/synth_1

launch_runs impl_1 -to_step write_bitstream -jobs 8
[Sun Jan 16 15:18:43 2022] Launched synth_1...
Run output will be captured here: C:/Users/user/Desktop/NTHU/verilog/course project/final project/final_project/final_project.runs/synth_1/runme.log
[Sun Jan 16 15:18:43 2022] Launched impl_1...
Run output will be captured here: C:/Users/user/Desktop/NTHU/verilog/course project/final project/final_project/final_project.runs/impl_1/runme.log
set_property PROBES.FILE {} [get_hw_devices xc7a35t_0]
set_property FULL_PROBES.FILE {} [get_hw_devices xc7a35t_0]
set_property PROGRAM.FILE {C:/Users/user/Desktop/NTHU/verilog/course project/final project/final_project/final_project.runs/impl_1/demo_2.bit} [get_hw_devices xc7a35t_0]
program_hw_devices [get_hw_devices xc7a35t_0]
INFO: [Labtools 27-3164] End of startup status: HIGH
refresh_hw_device [lindex [get_hw_devices xc7a35t_0] 0]
INFO: [Labtools 27-1434] Device xc7a35t (JTAG device index = 0) is programmed with a design that has no supported debug core(s) in it.
reset_run synth_1
WARNING: [Vivado 12-1017] Problems encountered:
1. Failed to delete one or more files in run directory C:/Users/user/Desktop/NTHU/verilog/course project/final project/final_project/final_project.runs/synth_1

launch_runs impl_1 -to_step write_bitstream -jobs 8
[Sun Jan 16 15:37:52 2022] Launched synth_1...
Run output will be captured here: C:/Users/user/Desktop/NTHU/verilog/course project/final project/final_project/final_project.runs/synth_1/runme.log
[Sun Jan 16 15:37:52 2022] Launched impl_1...
Run output will be captured here: C:/Users/user/Desktop/NTHU/verilog/course project/final project/final_project/final_project.runs/impl_1/runme.log
set_property PROBES.FILE {} [get_hw_devices xc7a35t_0]
set_property FULL_PROBES.FILE {} [get_hw_devices xc7a35t_0]
set_property PROGRAM.FILE {C:/Users/user/Desktop/NTHU/verilog/course project/final project/final_project/final_project.runs/impl_1/demo_2.bit} [get_hw_devices xc7a35t_0]
program_hw_devices [get_hw_devices xc7a35t_0]
INFO: [Labtools 27-3164] End of startup status: HIGH
refresh_hw_device [lindex [get_hw_devices xc7a35t_0] 0]
INFO: [Labtools 27-1434] Device xc7a35t (JTAG device index = 0) is programmed with a design that has no supported debug core(s) in it.
reset_run synth_1
WARNING: [Vivado 12-1017] Problems encountered:
1. Failed to delete one or more files in run directory C:/Users/user/Desktop/NTHU/verilog/course project/final project/final_project/final_project.runs/synth_1

launch_runs impl_1 -to_step write_bitstream -jobs 8
[Sun Jan 16 16:00:29 2022] Launched synth_1...
Run output will be captured here: C:/Users/user/Desktop/NTHU/verilog/course project/final project/final_project/final_project.runs/synth_1/runme.log
[Sun Jan 16 16:00:29 2022] Launched impl_1...
Run output will be captured here: C:/Users/user/Desktop/NTHU/verilog/course project/final project/final_project/final_project.runs/impl_1/runme.log
set_property PROBES.FILE {} [get_hw_devices xc7a35t_0]
set_property FULL_PROBES.FILE {} [get_hw_devices xc7a35t_0]
set_property PROGRAM.FILE {C:/Users/user/Desktop/NTHU/verilog/course project/final project/final_project/final_project.runs/impl_1/demo_2.bit} [get_hw_devices xc7a35t_0]
program_hw_devices [get_hw_devices xc7a35t_0]
INFO: [Labtools 27-3164] End of startup status: HIGH
refresh_hw_device [lindex [get_hw_devices xc7a35t_0] 0]
INFO: [Labtools 27-1434] Device xc7a35t (JTAG device index = 0) is programmed with a design that has no supported debug core(s) in it.
set_property PROBES.FILE {} [get_hw_devices xc7a35t_0]
set_property FULL_PROBES.FILE {} [get_hw_devices xc7a35t_0]
set_property PROGRAM.FILE {C:/Users/user/Desktop/NTHU/verilog/course project/final project/final_project/final_project.runs/impl_1/demo_2.bit} [get_hw_devices xc7a35t_0]
program_hw_devices [get_hw_devices xc7a35t_0]
INFO: [Labtools 27-3164] End of startup status: HIGH
refresh_hw_device [lindex [get_hw_devices xc7a35t_0] 0]
INFO: [Labtools 27-1434] Device xc7a35t (JTAG device index = 0) is programmed with a design that has no supported debug core(s) in it.
ERROR: [Labtoolstcl 44-513] HW Target shutdown. Closing target: localhost:3121/xilinx_tcf/Digilent/210183B035BFA
disconnect_hw_server localhost:3121
connect_hw_server -allow_non_jtag
INFO: [Labtools 27-2285] Connecting to hw_server url TCP:localhost:3121
INFO: [Labtools 27-3415] Connecting to cs_server url TCP:localhost:3042
INFO: [Labtools 27-3414] Connected to existing cs_server.
ERROR: [Labtoolstcl 44-494] There is no active target available for server at localhost.
 Targets(s) ", jsn-Basys3-210183B035BFA" may be locked by another hw_server.
disconnect_hw_server localhost:3121
connect_hw_server -allow_non_jtag
INFO: [Labtools 27-2285] Connecting to hw_server url TCP:localhost:3121
INFO: [Labtools 27-3415] Connecting to cs_server url TCP:localhost:3042
INFO: [Labtools 27-3414] Connected to existing cs_server.
ERROR: [Labtoolstcl 44-494] There is no active target available for server at localhost.
 Targets(s) ", jsn-Basys3-210183B035BFA" may be locked by another hw_server.
disconnect_hw_server localhost:3121
connect_hw_server -allow_non_jtag
INFO: [Labtools 27-2285] Connecting to hw_server url TCP:localhost:3121
INFO: [Labtools 27-3415] Connecting to cs_server url TCP:localhost:3042
INFO: [Labtools 27-3414] Connected to existing cs_server.
open_hw_target
INFO: [Labtoolstcl 44-466] Opening hw_target localhost:3121/xilinx_tcf/Digilent/210183B035BFA
set_property PROGRAM.FILE {C:/Users/user/Desktop/NTHU/verilog/course project/final project/final_project/final_project.runs/impl_1/demo_2.bit} [get_hw_devices xc7a35t_0]
current_hw_device [get_hw_devices xc7a35t_0]
refresh_hw_device -update_hw_probes false [lindex [get_hw_devices xc7a35t_0] 0]
INFO: [Labtools 27-1435] Device xc7a35t (JTAG device index = 0) is not programmed (DONE status = 0).
set_property PROBES.FILE {} [get_hw_devices xc7a35t_0]
set_property FULL_PROBES.FILE {} [get_hw_devices xc7a35t_0]
set_property PROGRAM.FILE {C:/Users/user/Desktop/NTHU/verilog/course project/final project/final_project/final_project.runs/impl_1/demo_2.bit} [get_hw_devices xc7a35t_0]
program_hw_devices [get_hw_devices xc7a35t_0]
INFO: [Labtools 27-3164] End of startup status: HIGH
refresh_hw_device [lindex [get_hw_devices xc7a35t_0] 0]
INFO: [Labtools 27-1434] Device xc7a35t (JTAG device index = 0) is programmed with a design that has no supported debug core(s) in it.
set_property PROBES.FILE {} [get_hw_devices xc7a35t_0]
set_property FULL_PROBES.FILE {} [get_hw_devices xc7a35t_0]
set_property PROGRAM.FILE {C:/Users/user/Desktop/NTHU/verilog/course project/final project/final_project/final_project.runs/impl_1/demo_2.bit} [get_hw_devices xc7a35t_0]
program_hw_devices [get_hw_devices xc7a35t_0]
INFO: [Labtools 27-3164] End of startup status: HIGH
refresh_hw_device [lindex [get_hw_devices xc7a35t_0] 0]
INFO: [Labtools 27-1434] Device xc7a35t (JTAG device index = 0) is programmed with a design that has no supported debug core(s) in it.
ERROR: [Labtoolstcl 44-513] HW Target shutdown. Closing target: localhost:3121/xilinx_tcf/Digilent/210183B035BFA
reset_run synth_1
WARNING: [Vivado 12-1017] Problems encountered:
1. Failed to delete one or more files in run directory C:/Users/user/Desktop/NTHU/verilog/course project/final project/final_project/final_project.runs/synth_1

launch_runs impl_1 -to_step write_bitstream -jobs 8
[Sun Jan 16 17:22:33 2022] Launched synth_1...
Run output will be captured here: C:/Users/user/Desktop/NTHU/verilog/course project/final project/final_project/final_project.runs/synth_1/runme.log
[Sun Jan 16 17:22:33 2022] Launched impl_1...
Run output will be captured here: C:/Users/user/Desktop/NTHU/verilog/course project/final project/final_project/final_project.runs/impl_1/runme.log
disconnect_hw_server localhost:3121
connect_hw_server -allow_non_jtag
INFO: [Labtools 27-2285] Connecting to hw_server url TCP:localhost:3121
INFO: [Labtools 27-3415] Connecting to cs_server url TCP:localhost:3042
INFO: [Labtools 27-3414] Connected to existing cs_server.
open_hw_target
INFO: [Labtoolstcl 44-466] Opening hw_target localhost:3121/xilinx_tcf/Digilent/210183B035BFA
set_property PROGRAM.FILE {C:/Users/user/Desktop/NTHU/verilog/course project/final project/final_project/final_project.runs/impl_1/demo_2.bit} [get_hw_devices xc7a35t_0]
current_hw_device [get_hw_devices xc7a35t_0]
refresh_hw_device -update_hw_probes false [lindex [get_hw_devices xc7a35t_0] 0]
INFO: [Labtools 27-1435] Device xc7a35t (JTAG device index = 0) is not programmed (DONE status = 0).
set_property PROBES.FILE {} [get_hw_devices xc7a35t_0]
set_property FULL_PROBES.FILE {} [get_hw_devices xc7a35t_0]
set_property PROGRAM.FILE {C:/Users/user/Desktop/NTHU/verilog/course project/final project/final_project/final_project.runs/impl_1/demo_2.bit} [get_hw_devices xc7a35t_0]
program_hw_devices [get_hw_devices xc7a35t_0]
INFO: [Labtools 27-3164] End of startup status: HIGH
refresh_hw_device [lindex [get_hw_devices xc7a35t_0] 0]
INFO: [Labtools 27-1434] Device xc7a35t (JTAG device index = 0) is programmed with a design that has no supported debug core(s) in it.
reset_run synth_1
WARNING: [Vivado 12-1017] Problems encountered:
1. Failed to delete one or more files in run directory C:/Users/user/Desktop/NTHU/verilog/course project/final project/final_project/final_project.runs/synth_1

launch_runs impl_1 -to_step write_bitstream -jobs 8
[Sun Jan 16 17:35:38 2022] Launched synth_1...
Run output will be captured here: C:/Users/user/Desktop/NTHU/verilog/course project/final project/final_project/final_project.runs/synth_1/runme.log
[Sun Jan 16 17:35:38 2022] Launched impl_1...
Run output will be captured here: C:/Users/user/Desktop/NTHU/verilog/course project/final project/final_project/final_project.runs/impl_1/runme.log
set_property PROBES.FILE {} [get_hw_devices xc7a35t_0]
set_property FULL_PROBES.FILE {} [get_hw_devices xc7a35t_0]
set_property PROGRAM.FILE {C:/Users/user/Desktop/NTHU/verilog/course project/final project/final_project/final_project.runs/impl_1/demo_2.bit} [get_hw_devices xc7a35t_0]
program_hw_devices [get_hw_devices xc7a35t_0]
INFO: [Labtools 27-3164] End of startup status: HIGH
refresh_hw_device [lindex [get_hw_devices xc7a35t_0] 0]
INFO: [Labtools 27-1434] Device xc7a35t (JTAG device index = 0) is programmed with a design that has no supported debug core(s) in it.
set_property PROBES.FILE {} [get_hw_devices xc7a35t_0]
set_property FULL_PROBES.FILE {} [get_hw_devices xc7a35t_0]
set_property PROGRAM.FILE {C:/Users/user/Desktop/NTHU/verilog/course project/final project/final_project/final_project.runs/impl_1/demo_2.bit} [get_hw_devices xc7a35t_0]
program_hw_devices [get_hw_devices xc7a35t_0]
INFO: [Labtools 27-3164] End of startup status: HIGH
refresh_hw_device [lindex [get_hw_devices xc7a35t_0] 0]
INFO: [Labtools 27-1434] Device xc7a35t (JTAG device index = 0) is programmed with a design that has no supported debug core(s) in it.
ERROR: [Labtoolstcl 44-513] HW Target shutdown. Closing target: localhost:3121/xilinx_tcf/Digilent/210183B035BFA
exit
INFO: [Common 17-206] Exiting Vivado at Sun Jan 16 22:32:43 2022...
