#-----------------------------------------------------------
# Vivado v2019.2 (64-bit)
# SW Build 2708876 on Wed Nov  6 21:40:23 MST 2019
# IP Build 2700528 on Thu Nov  7 00:09:20 MST 2019
# Start of session at: Tue Jan 18 10:28:02 2022
# Process ID: 16832
# Current directory: C:/Users/user/Desktop/NTHU/verilog/course project/final project/final_project
# Command line: vivado.exe -gui_launcher_event rodinguilauncherevent19120 C:\Users\user\Desktop\NTHU\verilog\course project\final project\final_project\final_project.xpr
# Log file: C:/Users/user/Desktop/NTHU/verilog/course project/final project/final_project/vivado.log
# Journal file: C:/Users/user/Desktop/NTHU/verilog/course project/final project/final_project\vivado.jou
#-----------------------------------------------------------
start_gui
open_project {C:/Users/user/Desktop/NTHU/verilog/course project/final project/final_project/final_project.xpr}
Scanning sources...
Finished scanning sources
INFO: [IP_Flow 19-234] Refreshing IP repositories
INFO: [IP_Flow 19-1700] Loaded user IP repository 'c:/Users/user/Desktop/NTHU/verilog/course project/lab6/KeyboardSampleCode/KeyboardSampleCode/ip'.
INFO: [IP_Flow 19-2313] Loaded Vivado IP repository 'C:/Xilinx/Vivado/2019.2/data/ip'.
open_project: Time (s): cpu = 00:00:23 ; elapsed = 00:00:08 . Memory (MB): peak = 852.043 ; gain = 211.012
update_compile_order -fileset sources_1
set_property STEPS.WRITE_BITSTREAM.ARGS.BIN_FILE true [get_runs impl_1]
WARNING: [filemgmt 56-199] Attempt to get parsing info during refresh. "On-the-fly" syntax checking information may be incorrect. [C:\Users\user\Desktop\NTHU\verilog\course project\final project\music_test\player_control.v:]
WARNING: [filemgmt 56-199] Attempt to get parsing info during refresh. "On-the-fly" syntax checking information may be incorrect. [C:\Users\user\Desktop\NTHU\verilog\course project\final project\music_test\music_jojo.v:]
WARNING: [filemgmt 56-199] Attempt to get parsing info during refresh. "On-the-fly" syntax checking information may be incorrect. [C:\Users\user\Desktop\NTHU\verilog\course project\final project\music_test\player_control2.v:]
WARNING: [filemgmt 56-199] Attempt to get parsing info during refresh. "On-the-fly" syntax checking information may be incorrect. [C:\Users\user\Desktop\NTHU\verilog\course project\final project\final_project\clock_divider.v:]
WARNING: [filemgmt 56-199] Attempt to get parsing info during refresh. "On-the-fly" syntax checking information may be incorrect. [C:\Users\user\Desktop\NTHU\verilog\course project\final project\final_project\mem_addr_gen.v:]
WARNING: [filemgmt 56-199] Attempt to get parsing info during refresh. "On-the-fly" syntax checking information may be incorrect. [C:\Users\user\Desktop\NTHU\verilog\course project\final project\music_test\debounce.v:]
WARNING: [filemgmt 56-199] Attempt to get parsing info during refresh. "On-the-fly" syntax checking information may be incorrect. [C:\Users\user\Desktop\NTHU\verilog\course project\final project\final_project\vga.v:]
WARNING: [filemgmt 56-199] Attempt to get parsing info during refresh. "On-the-fly" syntax checking information may be incorrect. [C:\Users\user\Desktop\NTHU\verilog\course project\final project\music_test\note_gen.v:]
WARNING: [filemgmt 56-199] Attempt to get parsing info during refresh. "On-the-fly" syntax checking information may be incorrect. [C:\Users\user\Desktop\NTHU\verilog\course project\final project\music_test\onepulse.v:]
WARNING: [filemgmt 56-199] Attempt to get parsing info during refresh. "On-the-fly" syntax checking information may be incorrect. [C:\Users\user\Desktop\NTHU\verilog\course project\final project\music_test\music_lihong.v:]
WARNING: [filemgmt 56-199] Attempt to get parsing info during refresh. "On-the-fly" syntax checking information may be incorrect. [C:\Users\user\Desktop\NTHU\verilog\course project\final project\music_test\keyboard_decoder.v:]
WARNING: [filemgmt 56-199] Attempt to get parsing info during refresh. "On-the-fly" syntax checking information may be incorrect. [C:\Users\user\Desktop\NTHU\verilog\course project\final project\music_test\speaker_control.v:]
WARNING: [filemgmt 56-199] Attempt to get parsing info during refresh. "On-the-fly" syntax checking information may be incorrect. [C:\Users\user\Desktop\NTHU\verilog\course project\final project\final_project\top.v:]
WARNING: [filemgmt 56-199] Attempt to get parsing info during refresh. "On-the-fly" syntax checking information may be incorrect. [C:\Users\user\Desktop\NTHU\verilog\course project\final project\music_test\player_control.v:]
WARNING: [filemgmt 56-199] Attempt to get parsing info during refresh. "On-the-fly" syntax checking information may be incorrect. [C:\Users\user\Desktop\NTHU\verilog\course project\final project\music_test\music_jojo.v:]
WARNING: [filemgmt 56-199] Attempt to get parsing info during refresh. "On-the-fly" syntax checking information may be incorrect. [C:\Users\user\Desktop\NTHU\verilog\course project\final project\music_test\player_control2.v:]
WARNING: [filemgmt 56-199] Attempt to get parsing info during refresh. "On-the-fly" syntax checking information may be incorrect. [C:\Users\user\Desktop\NTHU\verilog\course project\final project\final_project\clock_divider.v:]
WARNING: [filemgmt 56-199] Attempt to get parsing info during refresh. "On-the-fly" syntax checking information may be incorrect. [C:\Users\user\Desktop\NTHU\verilog\course project\final project\final_project\mem_addr_gen.v:]
WARNING: [filemgmt 56-199] Attempt to get parsing info during refresh. "On-the-fly" syntax checking information may be incorrect. [C:\Users\user\Desktop\NTHU\verilog\course project\final project\music_test\debounce.v:]
WARNING: [filemgmt 56-199] Attempt to get parsing info during refresh. "On-the-fly" syntax checking information may be incorrect. [C:\Users\user\Desktop\NTHU\verilog\course project\final project\final_project\vga.v:]
WARNING: [filemgmt 56-199] Attempt to get parsing info during refresh. "On-the-fly" syntax checking information may be incorrect. [C:\Users\user\Desktop\NTHU\verilog\course project\final project\music_test\note_gen.v:]
WARNING: [filemgmt 56-199] Attempt to get parsing info during refresh. "On-the-fly" syntax checking information may be incorrect. [C:\Users\user\Desktop\NTHU\verilog\course project\final project\music_test\onepulse.v:]
WARNING: [filemgmt 56-199] Attempt to get parsing info during refresh. "On-the-fly" syntax checking information may be incorrect. [C:\Users\user\Desktop\NTHU\verilog\course project\final project\music_test\music_lihong.v:]
WARNING: [filemgmt 56-199] Attempt to get parsing info during refresh. "On-the-fly" syntax checking information may be incorrect. [C:\Users\user\Desktop\NTHU\verilog\course project\final project\music_test\keyboard_decoder.v:]
WARNING: [filemgmt 56-199] Attempt to get parsing info during refresh. "On-the-fly" syntax checking information may be incorrect. [C:\Users\user\Desktop\NTHU\verilog\course project\final project\music_test\speaker_control.v:]
WARNING: [filemgmt 56-199] Attempt to get parsing info during refresh. "On-the-fly" syntax checking information may be incorrect. [C:\Users\user\Desktop\NTHU\verilog\course project\final project\final_project\top.v:]
WARNING: [filemgmt 56-199] Attempt to get parsing info during refresh. "On-the-fly" syntax checking information may be incorrect. [C:\Users\user\Desktop\NTHU\verilog\course project\final project\music_test\player_control.v:]
WARNING: [filemgmt 56-199] Attempt to get parsing info during refresh. "On-the-fly" syntax checking information may be incorrect. [C:\Users\user\Desktop\NTHU\verilog\course project\final project\music_test\music_jojo.v:]
WARNING: [filemgmt 56-199] Attempt to get parsing info during refresh. "On-the-fly" syntax checking information may be incorrect. [C:\Users\user\Desktop\NTHU\verilog\course project\final project\music_test\player_control2.v:]
WARNING: [filemgmt 56-199] Attempt to get parsing info during refresh. "On-the-fly" syntax checking information may be incorrect. [C:\Users\user\Desktop\NTHU\verilog\course project\final project\final_project\clock_divider.v:]
WARNING: [filemgmt 56-199] Attempt to get parsing info during refresh. "On-the-fly" syntax checking information may be incorrect. [C:\Users\user\Desktop\NTHU\verilog\course project\final project\final_project\mem_addr_gen.v:]
WARNING: [filemgmt 56-199] Attempt to get parsing info during refresh. "On-the-fly" syntax checking information may be incorrect. [C:\Users\user\Desktop\NTHU\verilog\course project\final project\music_test\debounce.v:]
WARNING: [filemgmt 56-199] Attempt to get parsing info during refresh. "On-the-fly" syntax checking information may be incorrect. [C:\Users\user\Desktop\NTHU\verilog\course project\final project\final_project\vga.v:]
WARNING: [filemgmt 56-199] Attempt to get parsing info during refresh. "On-the-fly" syntax checking information may be incorrect. [C:\Users\user\Desktop\NTHU\verilog\course project\final project\music_test\note_gen.v:]
WARNING: [filemgmt 56-199] Attempt to get parsing info during refresh. "On-the-fly" syntax checking information may be incorrect. [C:\Users\user\Desktop\NTHU\verilog\course project\final project\music_test\onepulse.v:]
WARNING: [filemgmt 56-199] Attempt to get parsing info during refresh. "On-the-fly" syntax checking information may be incorrect. [C:\Users\user\Desktop\NTHU\verilog\course project\final project\music_test\music_lihong.v:]
WARNING: [filemgmt 56-199] Attempt to get parsing info during refresh. "On-the-fly" syntax checking information may be incorrect. [C:\Users\user\Desktop\NTHU\verilog\course project\final project\music_test\keyboard_decoder.v:]
WARNING: [filemgmt 56-199] Attempt to get parsing info during refresh. "On-the-fly" syntax checking information may be incorrect. [C:\Users\user\Desktop\NTHU\verilog\course project\final project\music_test\speaker_control.v:]
WARNING: [filemgmt 56-199] Attempt to get parsing info during refresh. "On-the-fly" syntax checking information may be incorrect. [C:\Users\user\Desktop\NTHU\verilog\course project\final project\final_project\top.v:]
WARNING: [filemgmt 56-199] Attempt to get parsing info during refresh. "On-the-fly" syntax checking information may be incorrect. [C:\Users\user\Desktop\NTHU\verilog\course project\final project\music_test\player_control.v:]
WARNING: [filemgmt 56-199] Attempt to get parsing info during refresh. "On-the-fly" syntax checking information may be incorrect. [C:\Users\user\Desktop\NTHU\verilog\course project\final project\music_test\music_jojo.v:]
WARNING: [filemgmt 56-199] Attempt to get parsing info during refresh. "On-the-fly" syntax checking information may be incorrect. [C:\Users\user\Desktop\NTHU\verilog\course project\final project\music_test\player_control2.v:]
WARNING: [filemgmt 56-199] Attempt to get parsing info during refresh. "On-the-fly" syntax checking information may be incorrect. [C:\Users\user\Desktop\NTHU\verilog\course project\final project\final_project\clock_divider.v:]
WARNING: [filemgmt 56-199] Attempt to get parsing info during refresh. "On-the-fly" syntax checking information may be incorrect. [C:\Users\user\Desktop\NTHU\verilog\course project\final project\final_project\mem_addr_gen.v:]
WARNING: [filemgmt 56-199] Attempt to get parsing info during refresh. "On-the-fly" syntax checking information may be incorrect. [C:\Users\user\Desktop\NTHU\verilog\course project\final project\music_test\debounce.v:]
WARNING: [filemgmt 56-199] Attempt to get parsing info during refresh. "On-the-fly" syntax checking information may be incorrect. [C:\Users\user\Desktop\NTHU\verilog\course project\final project\final_project\vga.v:]
WARNING: [filemgmt 56-199] Attempt to get parsing info during refresh. "On-the-fly" syntax checking information may be incorrect. [C:\Users\user\Desktop\NTHU\verilog\course project\final project\music_test\note_gen.v:]
WARNING: [filemgmt 56-199] Attempt to get parsing info during refresh. "On-the-fly" syntax checking information may be incorrect. [C:\Users\user\Desktop\NTHU\verilog\course project\final project\music_test\onepulse.v:]
WARNING: [filemgmt 56-199] Attempt to get parsing info during refresh. "On-the-fly" syntax checking information may be incorrect. [C:\Users\user\Desktop\NTHU\verilog\course project\final project\music_test\music_lihong.v:]
WARNING: [filemgmt 56-199] Attempt to get parsing info during refresh. "On-the-fly" syntax checking information may be incorrect. [C:\Users\user\Desktop\NTHU\verilog\course project\final project\music_test\keyboard_decoder.v:]
WARNING: [filemgmt 56-199] Attempt to get parsing info during refresh. "On-the-fly" syntax checking information may be incorrect. [C:\Users\user\Desktop\NTHU\verilog\course project\final project\music_test\speaker_control.v:]
WARNING: [filemgmt 56-199] Attempt to get parsing info during refresh. "On-the-fly" syntax checking information may be incorrect. [C:\Users\user\Desktop\NTHU\verilog\course project\final project\final_project\top.v:]
WARNING: [filemgmt 56-199] Attempt to get parsing info during refresh. "On-the-fly" syntax checking information may be incorrect. [C:\Users\user\Desktop\NTHU\verilog\course project\final project\music_test\player_control.v:]
WARNING: [filemgmt 56-199] Attempt to get parsing info during refresh. "On-the-fly" syntax checking information may be incorrect. [C:\Users\user\Desktop\NTHU\verilog\course project\final project\music_test\music_jojo.v:]
WARNING: [filemgmt 56-199] Attempt to get parsing info during refresh. "On-the-fly" syntax checking information may be incorrect. [C:\Users\user\Desktop\NTHU\verilog\course project\final project\music_test\player_control2.v:]
WARNING: [filemgmt 56-199] Attempt to get parsing info during refresh. "On-the-fly" syntax checking information may be incorrect. [C:\Users\user\Desktop\NTHU\verilog\course project\final project\final_project\clock_divider.v:]
WARNING: [filemgmt 56-199] Attempt to get parsing info during refresh. "On-the-fly" syntax checking information may be incorrect. [C:\Users\user\Desktop\NTHU\verilog\course project\final project\final_project\mem_addr_gen.v:]
WARNING: [filemgmt 56-199] Attempt to get parsing info during refresh. "On-the-fly" syntax checking information may be incorrect. [C:\Users\user\Desktop\NTHU\verilog\course project\final project\music_test\debounce.v:]
WARNING: [filemgmt 56-199] Attempt to get parsing info during refresh. "On-the-fly" syntax checking information may be incorrect. [C:\Users\user\Desktop\NTHU\verilog\course project\final project\final_project\vga.v:]
WARNING: [filemgmt 56-199] Attempt to get parsing info during refresh. "On-the-fly" syntax checking information may be incorrect. [C:\Users\user\Desktop\NTHU\verilog\course project\final project\music_test\note_gen.v:]
WARNING: [filemgmt 56-199] Attempt to get parsing info during refresh. "On-the-fly" syntax checking information may be incorrect. [C:\Users\user\Desktop\NTHU\verilog\course project\final project\music_test\onepulse.v:]
WARNING: [filemgmt 56-199] Attempt to get parsing info during refresh. "On-the-fly" syntax checking information may be incorrect. [C:\Users\user\Desktop\NTHU\verilog\course project\final project\music_test\music_lihong.v:]
WARNING: [filemgmt 56-199] Attempt to get parsing info during refresh. "On-the-fly" syntax checking information may be incorrect. [C:\Users\user\Desktop\NTHU\verilog\course project\final project\music_test\keyboard_decoder.v:]
WARNING: [filemgmt 56-199] Attempt to get parsing info during refresh. "On-the-fly" syntax checking information may be incorrect. [C:\Users\user\Desktop\NTHU\verilog\course project\final project\music_test\speaker_control.v:]
WARNING: [filemgmt 56-199] Attempt to get parsing info during refresh. "On-the-fly" syntax checking information may be incorrect. [C:\Users\user\Desktop\NTHU\verilog\course project\final project\final_project\top.v:]
WARNING: [filemgmt 56-199] Attempt to get parsing info during refresh. "On-the-fly" syntax checking information may be incorrect. [C:\Users\user\Desktop\NTHU\verilog\course project\final project\music_test\player_control.v:]
WARNING: [filemgmt 56-199] Attempt to get parsing info during refresh. "On-the-fly" syntax checking information may be incorrect. [C:\Users\user\Desktop\NTHU\verilog\course project\final project\music_test\music_jojo.v:]
WARNING: [filemgmt 56-199] Attempt to get parsing info during refresh. "On-the-fly" syntax checking information may be incorrect. [C:\Users\user\Desktop\NTHU\verilog\course project\final project\music_test\player_control2.v:]
WARNING: [filemgmt 56-199] Attempt to get parsing info during refresh. "On-the-fly" syntax checking information may be incorrect. [C:\Users\user\Desktop\NTHU\verilog\course project\final project\final_project\clock_divider.v:]
WARNING: [filemgmt 56-199] Attempt to get parsing info during refresh. "On-the-fly" syntax checking information may be incorrect. [C:\Users\user\Desktop\NTHU\verilog\course project\final project\final_project\mem_addr_gen.v:]
WARNING: [filemgmt 56-199] Attempt to get parsing info during refresh. "On-the-fly" syntax checking information may be incorrect. [C:\Users\user\Desktop\NTHU\verilog\course project\final project\music_test\debounce.v:]
WARNING: [filemgmt 56-199] Attempt to get parsing info during refresh. "On-the-fly" syntax checking information may be incorrect. [C:\Users\user\Desktop\NTHU\verilog\course project\final project\final_project\vga.v:]
WARNING: [filemgmt 56-199] Attempt to get parsing info during refresh. "On-the-fly" syntax checking information may be incorrect. [C:\Users\user\Desktop\NTHU\verilog\course project\final project\music_test\note_gen.v:]
WARNING: [filemgmt 56-199] Attempt to get parsing info during refresh. "On-the-fly" syntax checking information may be incorrect. [C:\Users\user\Desktop\NTHU\verilog\course project\final project\music_test\onepulse.v:]
WARNING: [filemgmt 56-199] Attempt to get parsing info during refresh. "On-the-fly" syntax checking information may be incorrect. [C:\Users\user\Desktop\NTHU\verilog\course project\final project\music_test\music_lihong.v:]
WARNING: [filemgmt 56-199] Attempt to get parsing info during refresh. "On-the-fly" syntax checking information may be incorrect. [C:\Users\user\Desktop\NTHU\verilog\course project\final project\music_test\keyboard_decoder.v:]
WARNING: [filemgmt 56-199] Attempt to get parsing info during refresh. "On-the-fly" syntax checking information may be incorrect. [C:\Users\user\Desktop\NTHU\verilog\course project\final project\music_test\speaker_control.v:]
WARNING: [filemgmt 56-199] Attempt to get parsing info during refresh. "On-the-fly" syntax checking information may be incorrect. [C:\Users\user\Desktop\NTHU\verilog\course project\final project\final_project\top.v:]
WARNING: [filemgmt 56-199] Attempt to get parsing info during refresh. "On-the-fly" syntax checking information may be incorrect. [C:\Users\user\Desktop\NTHU\verilog\course project\final project\music_test\player_control.v:]
WARNING: [filemgmt 56-199] Attempt to get parsing info during refresh. "On-the-fly" syntax checking information may be incorrect. [C:\Users\user\Desktop\NTHU\verilog\course project\final project\music_test\music_jojo.v:]
WARNING: [filemgmt 56-199] Attempt to get parsing info during refresh. "On-the-fly" syntax checking information may be incorrect. [C:\Users\user\Desktop\NTHU\verilog\course project\final project\music_test\player_control2.v:]
WARNING: [filemgmt 56-199] Attempt to get parsing info during refresh. "On-the-fly" syntax checking information may be incorrect. [C:\Users\user\Desktop\NTHU\verilog\course project\final project\final_project\clock_divider.v:]
WARNING: [filemgmt 56-199] Attempt to get parsing info during refresh. "On-the-fly" syntax checking information may be incorrect. [C:\Users\user\Desktop\NTHU\verilog\course project\final project\final_project\mem_addr_gen.v:]
WARNING: [filemgmt 56-199] Attempt to get parsing info during refresh. "On-the-fly" syntax checking information may be incorrect. [C:\Users\user\Desktop\NTHU\verilog\course project\final project\music_test\debounce.v:]
WARNING: [filemgmt 56-199] Attempt to get parsing info during refresh. "On-the-fly" syntax checking information may be incorrect. [C:\Users\user\Desktop\NTHU\verilog\course project\final project\final_project\vga.v:]
WARNING: [filemgmt 56-199] Attempt to get parsing info during refresh. "On-the-fly" syntax checking information may be incorrect. [C:\Users\user\Desktop\NTHU\verilog\course project\final project\music_test\note_gen.v:]
WARNING: [filemgmt 56-199] Attempt to get parsing info during refresh. "On-the-fly" syntax checking information may be incorrect. [C:\Users\user\Desktop\NTHU\verilog\course project\final project\music_test\onepulse.v:]
WARNING: [filemgmt 56-199] Attempt to get parsing info during refresh. "On-the-fly" syntax checking information may be incorrect. [C:\Users\user\Desktop\NTHU\verilog\course project\final project\music_test\music_lihong.v:]
WARNING: [filemgmt 56-199] Attempt to get parsing info during refresh. "On-the-fly" syntax checking information may be incorrect. [C:\Users\user\Desktop\NTHU\verilog\course project\final project\music_test\keyboard_decoder.v:]
WARNING: [filemgmt 56-199] Attempt to get parsing info during refresh. "On-the-fly" syntax checking information may be incorrect. [C:\Users\user\Desktop\NTHU\verilog\course project\final project\music_test\speaker_control.v:]
WARNING: [filemgmt 56-199] Attempt to get parsing info during refresh. "On-the-fly" syntax checking information may be incorrect. [C:\Users\user\Desktop\NTHU\verilog\course project\final project\final_project\top.v:]
WARNING: [filemgmt 56-199] Attempt to get parsing info during refresh. "On-the-fly" syntax checking information may be incorrect. [C:\Users\user\Desktop\NTHU\verilog\course project\final project\music_test\player_control.v:]
WARNING: [filemgmt 56-199] Attempt to get parsing info during refresh. "On-the-fly" syntax checking information may be incorrect. [C:\Users\user\Desktop\NTHU\verilog\course project\final project\music_test\music_jojo.v:]
WARNING: [filemgmt 56-199] Attempt to get parsing info during refresh. "On-the-fly" syntax checking information may be incorrect. [C:\Users\user\Desktop\NTHU\verilog\course project\final project\music_test\player_control2.v:]
WARNING: [filemgmt 56-199] Attempt to get parsing info during refresh. "On-the-fly" syntax checking information may be incorrect. [C:\Users\user\Desktop\NTHU\verilog\course project\final project\final_project\clock_divider.v:]
WARNING: [filemgmt 56-199] Attempt to get parsing info during refresh. "On-the-fly" syntax checking information may be incorrect. [C:\Users\user\Desktop\NTHU\verilog\course project\final project\final_project\mem_addr_gen.v:]
WARNING: [filemgmt 56-199] Attempt to get parsing info during refresh. "On-the-fly" syntax checking information may be incorrect. [C:\Users\user\Desktop\NTHU\verilog\course project\final project\music_test\debounce.v:]
WARNING: [filemgmt 56-199] Attempt to get parsing info during refresh. "On-the-fly" syntax checking information may be incorrect. [C:\Users\user\Desktop\NTHU\verilog\course project\final project\final_project\vga.v:]
WARNING: [filemgmt 56-199] Attempt to get parsing info during refresh. "On-the-fly" syntax checking information may be incorrect. [C:\Users\user\Desktop\NTHU\verilog\course project\final project\music_test\note_gen.v:]
WARNING: [filemgmt 56-199] Attempt to get parsing info during refresh. "On-the-fly" syntax checking information may be incorrect. [C:\Users\user\Desktop\NTHU\verilog\course project\final project\music_test\onepulse.v:]
INFO: [Common 17-14] Message 'filemgmt 56-199' appears 100 times and further instances of the messages will be disabled. Use the Tcl command set_msg_config to change the current settings.
ERROR: [Common 17-180] Spawn failed: No error
ERROR: [Common 17-180] Spawn failed: No error
reset_run synth_1
launch_runs impl_1 -to_step write_bitstream -jobs 8
[Tue Jan 18 10:58:16 2022] Launched synth_1...
Run output will be captured here: C:/Users/user/Desktop/NTHU/verilog/course project/final project/final_project/final_project.runs/synth_1/runme.log
[Tue Jan 18 10:58:16 2022] Launched impl_1...
Run output will be captured here: C:/Users/user/Desktop/NTHU/verilog/course project/final project/final_project/final_project.runs/impl_1/runme.log
exit
INFO: [Common 17-206] Exiting Vivado at Tue Jan 18 17:58:44 2022...
