#-----------------------------------------------------------
# Vivado v2019.2 (64-bit)
# SW Build 2708876 on Wed Nov  6 21:40:23 MST 2019
# IP Build 2700528 on Thu Nov  7 00:09:20 MST 2019
# Start of session at: Sun Jan 16 01:53:02 2022
# Process ID: 9708
# Current directory: C:/Users/user/Desktop/NTHU/verilog/course project/final project/final_project
# Command line: vivado.exe -gui_launcher_event rodinguilauncherevent6828 C:\Users\user\Desktop\NTHU\verilog\course project\final project\final_project\final_project.xpr
# Log file: C:/Users/user/Desktop/NTHU/verilog/course project/final project/final_project/vivado.log
# Journal file: C:/Users/user/Desktop/NTHU/verilog/course project/final project/final_project\vivado.jou
#-----------------------------------------------------------
start_gui
open_project {C:/Users/user/Desktop/NTHU/verilog/course project/final project/final_project/final_project.xpr}
Scanning sources...
Finished scanning sources
INFO: [IP_Flow 19-234] Refreshing IP repositories
INFO: [IP_Flow 19-1700] Loaded user IP repository 'c:/Users/user/Desktop/NTHU/verilog/course project/lab6/KeyboardSampleCode/KeyboardSampleCode/ip'.
INFO: [IP_Flow 19-2313] Loaded Vivado IP repository 'C:/Xilinx/Vivado/2019.2/data/ip'.
open_project: Time (s): cpu = 00:00:23 ; elapsed = 00:00:10 . Memory (MB): peak = 764.828 ; gain = 120.617
update_compile_order -fileset sources_1
exit
INFO: [Common 17-206] Exiting Vivado at Sun Jan 16 03:06:30 2022...
